<?xml version="1.0" encoding="UTF-8"?>
<testsuite name="it.unibo.iss.it.unibo.springbootIntro.ApplicationTests" tests="2" skipped="0" failures="0" errors="0" timestamp="2020-02-25T18:05:48" hostname="nat480s" time="0.454">
  <properties/>
  <testcase name="testState" classname="it.unibo.iss.it.unibo.springbootIntro.ApplicationTests" time="0.45"/>
  <testcase name="testTest" classname="it.unibo.iss.it.unibo.springbootIntro.ApplicationTests" time="0.003"/>
  <system-out><![CDATA[19:05:43.360 [Test worker] DEBUG org.springframework.test.context.junit4.SpringJUnit4ClassRunner - SpringJUnit4ClassRunner constructor called with [class it.unibo.iss.it.unibo.springbootIntro.ApplicationTests]
19:05:43.368 [Test worker] DEBUG org.springframework.test.context.BootstrapUtils - Instantiating CacheAwareContextLoaderDelegate from class [org.springframework.test.context.cache.DefaultCacheAwareContextLoaderDelegate]
19:05:43.373 [Test worker] INFO org.springframework.core.KotlinDetector - Kotlin reflection implementation not found at runtime, related features won't be available.
19:05:43.378 [Test worker] DEBUG org.springframework.test.context.BootstrapUtils - Instantiating BootstrapContext using constructor [public org.springframework.test.context.support.DefaultBootstrapContext(java.lang.Class,org.springframework.test.context.CacheAwareContextLoaderDelegate)]
19:05:43.416 [Test worker] DEBUG org.springframework.test.context.BootstrapUtils - Instantiating TestContextBootstrapper for test class [it.unibo.iss.it.unibo.springbootIntro.ApplicationTests] from class [org.springframework.boot.test.context.SpringBootTestContextBootstrapper]
19:05:43.436 [Test worker] INFO org.springframework.boot.test.context.SpringBootTestContextBootstrapper - Neither @ContextConfiguration nor @ContextHierarchy found for test class [it.unibo.iss.it.unibo.springbootIntro.ApplicationTests], using SpringBootContextLoader
19:05:43.440 [Test worker] DEBUG org.springframework.test.context.support.AbstractContextLoader - Did not detect default resource location for test class [it.unibo.iss.it.unibo.springbootIntro.ApplicationTests]: class path resource [it/unibo/iss/it/unibo/springbootIntro/ApplicationTests-context.xml] does not exist
19:05:43.440 [Test worker] DEBUG org.springframework.test.context.support.AbstractContextLoader - Did not detect default resource location for test class [it.unibo.iss.it.unibo.springbootIntro.ApplicationTests]: class path resource [it/unibo/iss/it/unibo/springbootIntro/ApplicationTestsContext.groovy] does not exist
19:05:43.441 [Test worker] INFO org.springframework.test.context.support.AbstractContextLoader - Could not detect default resource locations for test class [it.unibo.iss.it.unibo.springbootIntro.ApplicationTests]: no resource found for suffixes {-context.xml, Context.groovy}.
19:05:43.441 [Test worker] INFO org.springframework.test.context.support.AnnotationConfigContextLoaderUtils - Could not detect default configuration classes for test class [it.unibo.iss.it.unibo.springbootIntro.ApplicationTests]: ApplicationTests does not declare any static, non-private, non-final, nested classes annotated with @Configuration.
19:05:43.490 [Test worker] DEBUG org.springframework.test.context.support.ActiveProfilesUtils - Could not find an 'annotation declaring class' for annotation type [org.springframework.test.context.ActiveProfiles] and class [it.unibo.iss.it.unibo.springbootIntro.ApplicationTests]
19:05:43.574 [Test worker] DEBUG org.springframework.context.annotation.ClassPathScanningCandidateComponentProvider - Identified candidate component class: file [C:\Didattica2018Work\iss2020LabBo\it.unibo.springbootIntro\build\classes\java\main\it\unibo\iss\it\unibo\springbootIntro\Application.class]
19:05:43.577 [Test worker] INFO org.springframework.boot.test.context.SpringBootTestContextBootstrapper - Found @SpringBootConfiguration it.unibo.iss.it.unibo.springbootIntro.Application for test class it.unibo.iss.it.unibo.springbootIntro.ApplicationTests
19:05:43.690 [Test worker] DEBUG org.springframework.boot.test.context.SpringBootTestContextBootstrapper - @TestExecutionListeners is not present for class [it.unibo.iss.it.unibo.springbootIntro.ApplicationTests]: using defaults.
19:05:43.691 [Test worker] INFO org.springframework.boot.test.context.SpringBootTestContextBootstrapper - Loaded default TestExecutionListener class names from location [META-INF/spring.factories]: [org.springframework.boot.test.autoconfigure.restdocs.RestDocsTestExecutionListener, org.springframework.boot.test.autoconfigure.web.client.MockRestServiceServerResetTestExecutionListener, org.springframework.boot.test.autoconfigure.web.servlet.MockMvcPrintOnlyOnFailureTestExecutionListener, org.springframework.boot.test.autoconfigure.web.servlet.WebDriverTestExecutionListener, org.springframework.boot.test.mock.mockito.MockitoTestExecutionListener, org.springframework.boot.test.mock.mockito.ResetMocksTestExecutionListener, org.springframework.test.context.web.ServletTestExecutionListener, org.springframework.test.context.support.DirtiesContextBeforeModesTestExecutionListener, org.springframework.test.context.support.DependencyInjectionTestExecutionListener, org.springframework.test.context.support.DirtiesContextTestExecutionListener, org.springframework.test.context.transaction.TransactionalTestExecutionListener, org.springframework.test.context.jdbc.SqlScriptsTestExecutionListener, org.springframework.test.context.event.EventPublishingTestExecutionListener]
19:05:43.701 [Test worker] DEBUG org.springframework.boot.test.context.SpringBootTestContextBootstrapper - Skipping candidate TestExecutionListener [org.springframework.test.context.web.ServletTestExecutionListener] due to a missing dependency. Specify custom listener classes or make the default listener classes and their required dependencies available. Offending class: [javax/servlet/ServletContext]
19:05:43.702 [Test worker] DEBUG org.springframework.boot.test.context.SpringBootTestContextBootstrapper - Skipping candidate TestExecutionListener [org.springframework.test.context.transaction.TransactionalTestExecutionListener] due to a missing dependency. Specify custom listener classes or make the default listener classes and their required dependencies available. Offending class: [org/springframework/transaction/interceptor/TransactionAttributeSource]
19:05:43.703 [Test worker] DEBUG org.springframework.boot.test.context.SpringBootTestContextBootstrapper - Skipping candidate TestExecutionListener [org.springframework.test.context.jdbc.SqlScriptsTestExecutionListener] due to a missing dependency. Specify custom listener classes or make the default listener classes and their required dependencies available. Offending class: [org/springframework/transaction/interceptor/TransactionAttribute]
19:05:43.703 [Test worker] INFO org.springframework.boot.test.context.SpringBootTestContextBootstrapper - Using TestExecutionListeners: [org.springframework.test.context.support.DirtiesContextBeforeModesTestExecutionListener@6fc85cd7, org.springframework.boot.test.mock.mockito.MockitoTestExecutionListener@2765d232, org.springframework.boot.test.autoconfigure.SpringBootDependencyInjectionTestExecutionListener@40186e75, org.springframework.test.context.support.DirtiesContextTestExecutionListener@404ea30, org.springframework.test.context.event.EventPublishingTestExecutionListener@29073083, org.springframework.boot.test.autoconfigure.restdocs.RestDocsTestExecutionListener@207a93d3, org.springframework.boot.test.autoconfigure.web.client.MockRestServiceServerResetTestExecutionListener@23123a6f, org.springframework.boot.test.autoconfigure.web.servlet.MockMvcPrintOnlyOnFailureTestExecutionListener@e40157, org.springframework.boot.test.autoconfigure.web.servlet.WebDriverTestExecutionListener@10f7bae0, org.springframework.boot.test.mock.mockito.ResetMocksTestExecutionListener@64e75726]
19:05:43.706 [Test worker] DEBUG org.springframework.test.annotation.ProfileValueUtils - Retrieved @ProfileValueSourceConfiguration [null] for test class [it.unibo.iss.it.unibo.springbootIntro.ApplicationTests]
19:05:43.707 [Test worker] DEBUG org.springframework.test.annotation.ProfileValueUtils - Retrieved ProfileValueSource type [class org.springframework.test.annotation.SystemProfileValueSource] for class [it.unibo.iss.it.unibo.springbootIntro.ApplicationTests]
19:05:43.707 [Test worker] DEBUG org.springframework.test.annotation.ProfileValueUtils - Retrieved @ProfileValueSourceConfiguration [null] for test class [it.unibo.iss.it.unibo.springbootIntro.ApplicationTests]
19:05:43.707 [Test worker] DEBUG org.springframework.test.annotation.ProfileValueUtils - Retrieved ProfileValueSource type [class org.springframework.test.annotation.SystemProfileValueSource] for class [it.unibo.iss.it.unibo.springbootIntro.ApplicationTests]
19:05:43.712 [Test worker] DEBUG org.springframework.test.context.support.AbstractDirtiesContextTestExecutionListener - Before test class: context [DefaultTestContext@1135a279 testClass = ApplicationTests, testInstance = [null], testMethod = [null], testException = [null], mergedContextConfiguration = [ReactiveWebMergedContextConfiguration@76dedd91 testClass = ApplicationTests, locations = '{}', classes = '{class it.unibo.iss.it.unibo.springbootIntro.Application}', contextInitializerClasses = '[]', activeProfiles = '{}', propertySourceLocations = '{}', propertySourceProperties = '{org.springframework.boot.test.context.SpringBootTestContextBootstrapper=true, server.port=0}', contextCustomizers = set[org.springframework.boot.test.autoconfigure.properties.PropertyMappingContextCustomizer@0, org.springframework.boot.test.autoconfigure.web.servlet.WebDriverContextCustomizerFactory$Customizer@6816d988, org.springframework.boot.test.context.filter.ExcludeFilterContextCustomizer@c710ec, org.springframework.boot.test.json.DuplicateJsonObjectContextCustomizerFactory$DuplicateJsonObjectContextCustomizer@4cd9a500, org.springframework.boot.test.mock.mockito.MockitoContextCustomizer@0, org.springframework.boot.test.web.client.TestRestTemplateContextCustomizer@5a8bdf9, org.springframework.boot.test.web.reactive.server.WebTestClientContextCustomizer@fb4805f], contextLoader = 'org.springframework.boot.test.context.SpringBootContextLoader', parent = [null]], attributes = map['org.springframework.test.context.web.ServletTestExecutionListener.activateListener' -> false]], class annotated with @DirtiesContext [false] with mode [null].
19:05:43.714 [Test worker] DEBUG org.springframework.test.annotation.ProfileValueUtils - Retrieved @ProfileValueSourceConfiguration [null] for test class [it.unibo.iss.it.unibo.springbootIntro.ApplicationTests]
19:05:43.714 [Test worker] DEBUG org.springframework.test.annotation.ProfileValueUtils - Retrieved ProfileValueSource type [class org.springframework.test.annotation.SystemProfileValueSource] for class [it.unibo.iss.it.unibo.springbootIntro.ApplicationTests]
19:05:43.718 [Test worker] DEBUG org.springframework.test.context.support.DependencyInjectionTestExecutionListener - Performing dependency injection for test context [[DefaultTestContext@1135a279 testClass = ApplicationTests, testInstance = it.unibo.iss.it.unibo.springbootIntro.ApplicationTests@11a0c13f, testMethod = [null], testException = [null], mergedContextConfiguration = [ReactiveWebMergedContextConfiguration@76dedd91 testClass = ApplicationTests, locations = '{}', classes = '{class it.unibo.iss.it.unibo.springbootIntro.Application}', contextInitializerClasses = '[]', activeProfiles = '{}', propertySourceLocations = '{}', propertySourceProperties = '{org.springframework.boot.test.context.SpringBootTestContextBootstrapper=true, server.port=0}', contextCustomizers = set[org.springframework.boot.test.autoconfigure.properties.PropertyMappingContextCustomizer@0, org.springframework.boot.test.autoconfigure.web.servlet.WebDriverContextCustomizerFactory$Customizer@6816d988, org.springframework.boot.test.context.filter.ExcludeFilterContextCustomizer@c710ec, org.springframework.boot.test.json.DuplicateJsonObjectContextCustomizerFactory$DuplicateJsonObjectContextCustomizer@4cd9a500, org.springframework.boot.test.mock.mockito.MockitoContextCustomizer@0, org.springframework.boot.test.web.client.TestRestTemplateContextCustomizer@5a8bdf9, org.springframework.boot.test.web.reactive.server.WebTestClientContextCustomizer@fb4805f], contextLoader = 'org.springframework.boot.test.context.SpringBootContextLoader', parent = [null]], attributes = map['org.springframework.test.context.web.ServletTestExecutionListener.activateListener' -> false]]].
19:05:43.739 [Test worker] DEBUG org.springframework.test.context.support.TestPropertySourceUtils - Adding inlined properties to environment: {spring.jmx.enabled=false, org.springframework.boot.test.context.SpringBootTestContextBootstrapper=true, server.port=0}

  .   ____          _            __ _ _
 /\\ / ___'_ __ _ _(_)_ __  __ _ \ \ \ \
( ( )\___ | '_ | '_| | '_ \/ _` | \ \ \ \
 \\/  ___)| |_)| | | | | || (_| |  ) ) ) )
  '  |____| .__|_| |_|_| |_\__, | / / / /
 =========|_|==============|___/=/_/_/_/
 :: Spring Boot ::        (v2.2.4.RELEASE)

2020-02-25 19:05:44.113  WARN 6288 --- [    Test worker] ory$DuplicateJsonObjectContextCustomizer : 

Found multiple occurrences of org.json.JSONObject on the class path:

	jar:file:/C:/Users/anatali/.gradle/caches/modules-2/files-2.1/org.json/json/20090211/c183aa3a2a6250293808bba12262c8920ce5a51c/json-20090211.jar!/org/json/JSONObject.class
	jar:file:/C:/Users/anatali/.gradle/caches/modules-2/files-2.1/com.vaadin.external.google/android-json/0.0.20131108.vaadin1/fa26d351fe62a6a17f5cda1287c1c6110dec413f/android-json-0.0.20131108.vaadin1.jar!/org/json/JSONObject.class

You may wish to exclude one of them to ensure predictable runtime behavior

2020-02-25 19:05:44.158  INFO 6288 --- [    Test worker] i.u.i.i.u.s.ApplicationTests             : Starting ApplicationTests on nat480s with PID 6288 (started by anatali in C:\Didattica2018Work\iss2020LabBo\it.unibo.springbootIntro)
2020-02-25 19:05:44.159  INFO 6288 --- [    Test worker] i.u.i.i.u.s.ApplicationTests             : No active profile set, falling back to default profiles: default
2020-02-25 19:05:44.475  WARN 6288 --- [kground-preinit] o.s.h.c.j.Jackson2ObjectMapperBuilder    : For Jackson Kotlin classes support please add "com.fasterxml.jackson.module:jackson-module-kotlin" to the classpath
		%%% mockrobotSupport | CREATED
2020-02-25 19:05:45.820  INFO 6288 --- [    Test worker] o.s.b.a.e.web.EndpointLinksResolver      : Exposing 2 endpoint(s) beneath base path '/actuator'
2020-02-25 19:05:48.278  INFO 6288 --- [    Test worker] o.s.b.web.embedded.netty.NettyWebServer  : Netty started on port(s): 56690
2020-02-25 19:05:48.281  INFO 6288 --- [    Test worker] i.u.i.i.u.s.ApplicationTests             : Started ApplicationTests in 4.54 seconds (JVM running for 6.057)
---------------------------------------------------- testState
---------------------------------------------------- answer=org.springframework.test.web.reactive.server.DefaultWebTestClient$DefaultBodyContentSpec@325b804b
---------------------------------------------------- test1
]]></system-out>
  <system-err><![CDATA[]]></system-err>
</testsuite>
